2022-09-10 20:05:52 INFO  GestorClienteServiceImpl:39 - El vehiculo disponible
2022-09-10 20:05:52 INFO  GestorClienteServiceImpl:65 - Se a buscado al vehiculo con placa: AAA
2022-09-10 20:06:59 INFO  GestorClienteServiceImpl:39 - El vehiculo si esta disponible///////////////////
2022-09-10 20:06:59 INFO  GestorClienteServiceImpl:65 - Se a buscado al vehiculo con placa: AAA
2022-09-10 20:07:27 INFO  GestorClienteServiceImpl:37 - El vehiculo no esta disponible//////////////////////
2022-09-10 20:07:58 INFO  GestorClienteServiceImpl:37 - El vehiculo no esta disponible//////////////////////
2022-09-10 20:09:41 INFO  GestorClienteServiceImpl:37 - El vehiculo no esta disponible//////////////////////
2022-09-10 20:12:02 INFO  GestorClienteServiceImpl:51 - El vehiculo no esta disponible//////////////////////
2022-09-10 20:15:51 INFO  GestorClienteServiceImpl:55 - El vehiculo no esta disponible//////////////////////
2022-09-10 20:17:33 INFO  GestorClienteServiceImpl:55 - El vehiculo no esta disponible//////////////////////
2022-09-10 20:18:31 INFO  GestorClienteServiceImpl:55 - El vehiculo no esta disponible//////////////////////
2022-09-10 20:22:52 INFO  GestorClienteServiceImpl:38 - RESERVASSSS: Reserva [id=1, numero=1, estado=G, fechaInicio=2022-10-09T00:00, fechaFin=2022-10-20T00:00]
2022-09-10 20:22:52 INFO  GestorClienteServiceImpl:55 - El vehiculo no esta disponible//////////////////////
2022-09-10 20:23:50 INFO  GestorClienteServiceImpl:55 - El vehiculo no esta disponible//////////////////////
2022-09-10 20:24:22 INFO  GestorClienteServiceImpl:55 - El vehiculo no esta disponible//////////////////////
2022-09-10 20:25:20 INFO  GestorClienteServiceImpl:38 - RESERVASSSS: Reserva [id=1, numero=1, estado=G, fechaInicio=2022-10-09T00:00, fechaFin=2022-10-20T00:00]
2022-09-10 20:25:20 INFO  GestorClienteServiceImpl:55 - El vehiculo no esta disponible//////////////////////
2022-09-10 20:25:41 INFO  GestorClienteServiceImpl:38 - RESERVASSSS: Reserva [id=1, numero=1, estado=G, fechaInicio=2022-10-09T00:00, fechaFin=2022-10-20T00:00]
2022-09-10 20:25:41 INFO  GestorClienteServiceImpl:55 - El vehiculo no esta disponible//////////////////////
2022-09-10 20:26:19 INFO  GestorClienteServiceImpl:38 - RESERVASSSS: Reserva [id=1, numero=1, estado=G, fechaInicio=2022-10-09T00:00, fechaFin=2022-10-20T00:00]
2022-09-10 20:26:19 INFO  GestorClienteServiceImpl:55 - El vehiculo no esta disponible//////////////////////
2022-09-10 20:26:41 INFO  GestorClienteServiceImpl:38 - RESERVASSSS: Reserva [id=1, numero=1, estado=G, fechaInicio=2022-10-09T00:00, fechaFin=2022-10-20T00:00]
2022-09-10 20:26:41 INFO  GestorClienteServiceImpl:55 - El vehiculo no esta disponible//////////////////////
2022-09-10 20:27:17 INFO  GestorClienteServiceImpl:55 - El vehiculo no esta disponible//////////////////////
2022-09-10 20:28:25 INFO  GestorClienteServiceImpl:55 - El vehiculo no esta disponible//////////////////////
2022-09-10 20:29:16 INFO  GestorClienteServiceImpl:38 - RESERVASSSS: Reserva [id=1, numero=1, estado=G, fechaInicio=2022-10-09T00:00, fechaFin=2022-10-20T00:00]
2022-09-10 20:29:16 INFO  GestorClienteServiceImpl:55 - El vehiculo no esta disponible//////////////////////
2022-09-10 20:30:26 INFO  GestorClienteServiceImpl:38 - RESERVASSSS: Reserva [id=1, numero=1, estado=G, fechaInicio=2022-10-09T00:00, fechaFin=2022-10-20T00:00]
2022-09-10 20:30:26 INFO  GestorClienteServiceImpl:43 - El vehiculo no esta disponible//////////////////////
2022-09-10 20:30:52 INFO  GestorClienteServiceImpl:47 - El vehiculo si esta disponible///////////////////
2022-09-10 20:30:52 INFO  GestorClienteServiceImpl:65 - Se a buscado al vehiculo con placa: AAA
2022-09-10 20:36:37 INFO  GestorClienteServiceImpl:48 - El vehiculo si esta disponible///////////////////
2022-09-10 20:36:37 INFO  GestorClienteServiceImpl:65 - Se a buscado al vehiculo con placa: AAA
2022-09-10 20:37:58 INFO  GestorClienteServiceImpl:48 - El vehiculo si esta disponible///////////////////
2022-09-10 20:37:58 INFO  GestorClienteServiceImpl:65 - Se a buscado al vehiculo con placa: AAA
2022-09-10 20:38:15 INFO  GestorClienteServiceImpl:48 - El vehiculo si esta disponible///////////////////
2022-09-10 20:38:15 INFO  GestorClienteServiceImpl:65 - Se a buscado al vehiculo con placa: AAA
2022-09-10 20:39:54 INFO  GestorClienteServiceImpl:48 - El vehiculo si esta disponible///////////////////
2022-09-10 20:39:54 INFO  GestorClienteServiceImpl:65 - Se a buscado al vehiculo con placa: AAA
2022-09-10 20:41:38 INFO  GestorClienteServiceImpl:39 - RESERVASSSS: Reserva [id=3, numero=00001, estado=G, fechaInicio=2022-12-08T00:00, fechaFin=2022-12-15T00:00]
2022-09-10 20:41:38 INFO  GestorClienteServiceImpl:44 - El vehiculo no esta disponible//////////////////////
2022-09-10 20:42:44 INFO  GestorClienteServiceImpl:39 - RESERVASSSS: Reserva [id=3, numero=00001, estado=G, fechaInicio=2022-12-08T00:00, fechaFin=2022-12-15T00:00]
2022-09-10 20:42:44 INFO  GestorClienteServiceImpl:44 - El vehiculo no esta disponible//////////////////////
2022-09-10 20:52:05 INFO  GestorClienteServiceImpl:47 - El vehiculo si esta disponible///////////////////
2022-09-10 20:52:05 INFO  GestorClienteServiceImpl:65 - Se a buscado al vehiculo con placa: AAA
2022-09-10 20:52:59 INFO  GestorClienteServiceImpl:47 - El vehiculo si esta disponible///////////////////
2022-09-10 20:52:59 INFO  GestorClienteServiceImpl:65 - Se a buscado al vehiculo con placa: AAA
2022-09-10 20:54:07 INFO  GestorClienteServiceImpl:47 - El vehiculo si esta disponible///////////////////
2022-09-10 20:54:07 INFO  GestorClienteServiceImpl:65 - Se a buscado al vehiculo con placa: AAA
2022-09-10 21:01:00 INFO  GestorClienteServiceImpl:43 - El vehiculo no esta disponible//////////////////////
2022-09-10 21:01:53 INFO  GestorClienteServiceImpl:47 - El vehiculo si esta disponible///////////////////
2022-09-10 21:01:53 INFO  GestorClienteServiceImpl:65 - Se a buscado al vehiculo con placa: AAA
2022-09-10 21:44:38 INFO  GestorClienteServiceImpl:46 - El vehiculo no esta disponible
2022-09-10 23:06:05 INFO  GestorClienteServiceImpl:43 - El vehiculo no esta disponible
2022-09-10 23:06:42 INFO  GestorClienteServiceImpl:48 - El vehiculo si esta disponible
2022-09-10 23:06:42 INFO  GestorClienteServiceImpl:65 - Se a buscado al vehiculo con placa: AAA
2022-09-10 23:29:23 INFO  GestorClienteServiceImpl:58 - Se a actualizado al vehiculo con placa: AAA
2022-09-10 23:32:52 INFO  GestorClienteServiceImpl:58 - Se a actualizado al vehiculo con placa: AAA
2022-09-10 23:36:52 INFO  GestorClienteServiceImpl:58 - Se a actualizado al vehiculo con placa: AAA
2022-09-10 23:37:27 INFO  GestorClienteServiceImpl:58 - Se a actualizado al vehiculo con placa: AAA
2022-09-10 23:37:49 INFO  GestorClienteServiceImpl:58 - Se a actualizado al vehiculo con placa: AAA
2022-09-10 23:39:21 INFO  GestorClienteServiceImpl:58 - Se a actualizado al vehiculo con placa: AAA
2022-09-10 23:55:06 INFO  GestorClienteServiceImpl:96 - No se puede retirar el vehiculo
2022-09-11 01:41:04 INFO  GestorClienteServiceImpl:49 - El vehiculo si esta disponible
2022-09-11 01:41:04 INFO  GestorClienteServiceImpl:63 - Se a buscado al vehiculo con placa: AAA
2022-09-11 11:16:25 INFO  GestorClienteServiceImpl:57 - Se a actualizado al vehiculo con placa: AAA
2022-09-11 11:17:08 INFO  GestorClienteServiceImpl:57 - Se a actualizado al vehiculo con placa: AAA
2022-09-11 11:21:36 INFO  GestorClienteServiceImpl:57 - Se a actualizado al vehiculo con placa: AAA
2022-09-11 11:23:03 INFO  GestorClienteServiceImpl:57 - Se a actualizado al vehiculo con placa: AAA
2022-09-11 11:27:14 INFO  GestorClienteServiceImpl:57 - Se a actualizado al vehiculo con placa: AAA
2022-09-11 11:28:30 INFO  GestorClienteServiceImpl:57 - Se a actualizado al vehiculo con placa: AAA
2022-09-11 11:29:53 INFO  GestorClienteServiceImpl:57 - Se a actualizado al vehiculo con placa: AAA
2022-09-11 11:30:28 INFO  GestorClienteServiceImpl:57 - Se a actualizado al vehiculo con placa: AAA
2022-09-11 11:32:47 INFO  GestorClienteServiceImpl:57 - Se a actualizado al vehiculo con placa: AAA
2022-09-11 11:32:47 INFO  GestorClienteServiceImpl:119 - El vehiculo fue regresado
2022-09-11 11:34:45 INFO  GestorClienteServiceImpl:57 - Se a actualizado al vehiculo con placa: AAA
2022-09-11 11:34:45 INFO  GestorClienteServiceImpl:119 - El vehiculo fue regresado
2022-09-11 11:34:46 INFO  GestorClienteServiceImpl:57 - Se a actualizado al vehiculo con placa: AAA
2022-09-11 11:35:25 INFO  GestorClienteServiceImpl:57 - Se a actualizado al vehiculo con placa: AAA
2022-09-11 11:35:25 INFO  GestorClienteServiceImpl:119 - El vehiculo fue regresado
2022-09-11 11:35:26 INFO  GestorClienteServiceImpl:57 - Se a actualizado al vehiculo con placa: AAA
2022-09-11 11:46:52 INFO  GestorClienteServiceImpl:57 - Se a actualizado al vehiculo con placa: AAA
2022-09-11 11:46:52 INFO  GestorClienteServiceImpl:119 - El vehiculo fue regresado
2022-09-11 11:46:52 INFO  GestorClienteServiceImpl:57 - Se a actualizado al vehiculo con placa: AAA
2022-09-11 12:07:14 INFO  GestorClienteServiceImpl:57 - Se a actualizado al vehiculo con placa: AAA
2022-09-11 12:07:14 INFO  GestorClienteServiceImpl:119 - El vehiculo fue regresado
2022-09-11 12:07:14 INFO  GestorClienteServiceImpl:57 - Se a actualizado al vehiculo con placa: AAA
2022-09-11 12:08:59 INFO  GestorClienteServiceImpl:57 - Se a actualizado al vehiculo con placa: AAA
2022-09-11 12:08:59 INFO  GestorClienteServiceImpl:119 - El vehiculo fue regresado
2022-09-11 12:09:00 INFO  GestorClienteServiceImpl:57 - Se a actualizado al vehiculo con placa: AAA
2022-09-11 12:10:29 INFO  GestorClienteServiceImpl:57 - Se a actualizado al vehiculo con placa: AAA
2022-09-11 12:10:29 INFO  GestorClienteServiceImpl:119 - El vehiculo fue regresado
2022-09-11 12:12:02 INFO  GestorClienteServiceImpl:57 - Se a actualizado al vehiculo con placa: AAA
2022-09-11 12:12:02 INFO  GestorClienteServiceImpl:119 - El vehiculo fue regresado
2022-09-11 12:12:02 INFO  GestorClienteServiceImpl:57 - Se a actualizado al vehiculo con placa: AAA
2022-09-11 12:19:24 INFO  GestorClienteServiceImpl:57 - Se a actualizado al vehiculo con placa: AAA
2022-09-11 12:19:24 INFO  GestorClienteServiceImpl:119 - El vehiculo fue regresado
2022-09-11 12:19:25 INFO  GestorClienteServiceImpl:57 - Se a actualizado al vehiculo con placa: AAA
2022-09-11 17:57:01 INFO  GestorClienteServiceImpl:49 - El vehiculo si esta disponible
2022-09-11 17:57:01 INFO  GestorClienteServiceImpl:65 - Se a buscado al vehiculo con placa: AAA
2022-09-11 18:15:37 INFO  GestorClienteServiceImpl:49 - El vehiculo si esta disponible
2022-09-11 18:15:37 INFO  GestorClienteServiceImpl:65 - Se a buscado al vehiculo con placa: AAA
2022-09-11 18:20:18 INFO  GestorClienteServiceImpl:44 - El vehiculo no esta disponible
2022-09-11 18:20:40 INFO  GestorClienteServiceImpl:49 - El vehiculo si esta disponible
2022-09-11 18:20:40 INFO  GestorClienteServiceImpl:65 - Se a buscado al vehiculo con placa: AAA
2022-09-11 19:08:42 INFO  GestorClienteServiceImpl:49 - El vehiculo si esta disponible
2022-09-11 19:08:42 INFO  GestorClienteServiceImpl:65 - Se a buscado al vehiculo con placa: null
2022-09-11 19:11:09 INFO  GestorClienteServiceImpl:49 - El vehiculo si esta disponible
2022-09-11 19:11:09 INFO  GestorClienteServiceImpl:65 - Se a buscado al vehiculo con placa: null
2022-09-11 19:13:22 INFO  GestorClienteServiceImpl:49 - El vehiculo si esta disponible
2022-09-11 19:13:22 INFO  GestorClienteServiceImpl:65 - Se a buscado al vehiculo con placa: null
2022-09-11 19:14:33 INFO  GestorClienteServiceImpl:49 - El vehiculo si esta disponible
2022-09-11 19:14:33 INFO  GestorClienteServiceImpl:65 - Se a buscado al vehiculo con placa: null
2022-09-11 19:18:31 INFO  GestorClienteServiceImpl:49 - El vehiculo si esta disponible
2022-09-11 19:18:31 INFO  GestorClienteServiceImpl:65 - Se a buscado al vehiculo con placa: null
2022-09-11 19:22:57 INFO  GestorClienteServiceImpl:49 - El vehiculo si esta disponible
2022-09-11 19:22:57 INFO  GestorClienteServiceImpl:65 - Se a buscado al vehiculo con placa: null
2022-09-11 19:31:12 INFO  GestorClienteServiceImpl:49 - El vehiculo si esta disponible
2022-09-11 19:31:12 INFO  GestorClienteServiceImpl:65 - Se a buscado al vehiculo con placa: null
2022-09-11 19:42:07 INFO  GestorClienteServiceImpl:49 - El vehiculo si esta disponible
2022-09-11 19:42:07 INFO  GestorClienteServiceImpl:65 - Se a buscado al vehiculo con placa: AAA
2022-09-11 19:44:37 INFO  GestorClienteServiceImpl:49 - El vehiculo si esta disponible
2022-09-11 19:44:37 INFO  GestorClienteServiceImpl:65 - Se a buscado al vehiculo con placa: AAA
2022-09-11 21:49:07 INFO  GestorClienteServiceImpl:59 - Se a actualizado al vehiculo con placa: AAA
2022-09-11 22:00:30 INFO  GestorClienteServiceImpl:95 - No se puede retirar el vehiculo
2022-09-11 22:04:06 INFO  GestorClienteServiceImpl:49 - El vehiculo si esta disponible
2022-09-11 22:04:06 INFO  GestorClienteServiceImpl:65 - Se a buscado al vehiculo con placa: AAA
2022-09-11 23:32:48 INFO  GestorClienteServiceImpl:95 - No se puede retirar el vehiculo
2022-09-11 23:33:17 INFO  GestorClienteServiceImpl:95 - No se puede retirar el vehiculo
2022-09-11 23:34:41 INFO  GestorClienteServiceImpl:95 - No se puede retirar el vehiculo
2022-09-11 23:39:08 INFO  GestorClienteServiceImpl:95 - No se puede retirar el vehiculo
2022-09-11 23:39:24 INFO  GestorClienteServiceImpl:95 - No se puede retirar el vehiculo
2022-09-11 23:39:59 INFO  GestorClienteServiceImpl:95 - No se puede retirar el vehiculo
2022-09-11 23:41:52 INFO  GestorClienteServiceImpl:95 - No se puede retirar el vehiculo
2022-09-11 23:45:39 INFO  GestorClienteServiceImpl:59 - Se a actualizado al vehiculo con placa: AAA
2022-09-11 23:45:39 INFO  GestorClienteServiceImpl:112 - El vehiculo fue regresado
2022-09-12 00:04:40 INFO  GestorClienteServiceImpl:72 - Se a buscado los vehiculos con marca: Nissan y modelo: Versa
2022-09-12 00:05:01 INFO  GestorClienteServiceImpl:72 - Se a buscado los vehiculos con marca: Nissa y modelo: Versa
2022-09-12 00:34:39 INFO  GestorClienteServiceImpl:72 - Se a buscado los vehiculos con marca: Mazda y modelo: BT-50
2022-09-12 00:45:36 INFO  GestorClienteServiceImpl:72 - Se a buscado los vehiculos con marca: Mazda y modelo: BT-50
2022-09-12 00:46:19 INFO  GestorClienteServiceImpl:72 - Se a buscado los vehiculos con marca: Mazda y modelo: BT-50
2022-09-12 00:48:45 INFO  GestorClienteServiceImpl:72 - Se a buscado los vehiculos con marca: Mazda y modelo: BT-50
2022-09-12 00:49:38 INFO  GestorClienteServiceImpl:72 - Se a buscado los vehiculos con marca: Mazda y modelo: BT-50
2022-09-12 00:50:49 INFO  GestorClienteServiceImpl:72 - Se a buscado los vehiculos con marca: Mazda y modelo: BT-50
2022-09-12 00:51:00 INFO  GestorClienteServiceImpl:49 - El vehiculo si esta disponible
2022-09-12 00:51:00 INFO  GestorClienteServiceImpl:65 - Se a buscado al vehiculo con placa: 
2022-09-12 00:52:20 INFO  GestorClienteServiceImpl:72 - Se a buscado los vehiculos con marca: Mazda y modelo: BT-50
2022-09-12 00:55:50 INFO  GestorClienteServiceImpl:72 - Se a buscado los vehiculos con marca: Mazda y modelo: BT-50
2022-09-12 00:57:57 INFO  GestorClienteServiceImpl:72 - Se a buscado los vehiculos con marca: Mazda y modelo: BT-50
2022-09-12 01:01:10 INFO  GestorClienteServiceImpl:72 - Se a buscado los vehiculos con marca: Mazda y modelo: BT-50
2022-09-12 01:02:41 INFO  GestorClienteServiceImpl:72 - Se a buscado los vehiculos con marca: Mazda y modelo: BT-50
2022-09-12 01:03:49 INFO  GestorClienteServiceImpl:72 - Se a buscado los vehiculos con marca: Mazda y modelo: BT-50
2022-09-12 01:14:42 INFO  GestorClienteServiceImpl:72 - Se a buscado los vehiculos con marca: Mazda y modelo: BT-50
2022-09-12 01:15:40 INFO  GestorClienteServiceImpl:72 - Se a buscado los vehiculos con marca: Mazda y modelo: BT-50
2022-09-12 01:19:51 INFO  GestorClienteServiceImpl:72 - Se a buscado los vehiculos con marca: Mazda y modelo: BT-50
2022-09-12 01:20:43 INFO  GestorClienteServiceImpl:72 - Se a buscado los vehiculos con marca: Mazda y modelo: BT-50
2022-09-12 01:21:29 INFO  GestorClienteServiceImpl:72 - Se a buscado los vehiculos con marca: Mazda y modelo: BT-50
2022-09-12 01:23:24 INFO  GestorClienteServiceImpl:72 - Se a buscado los vehiculos con marca: Mazda y modelo: BT-50
2022-09-12 01:25:31 INFO  GestorClienteServiceImpl:72 - Se a buscado los vehiculos con marca: Mazda y modelo: BT-50
2022-09-12 01:27:26 INFO  GestorClienteServiceImpl:72 - Se a buscado los vehiculos con marca: Mazda y modelo: BT-50
2022-09-12 01:28:10 INFO  GestorClienteServiceImpl:72 - Se a buscado los vehiculos con marca: Mazda y modelo: BT-50
2022-09-12 01:28:52 INFO  GestorClienteServiceImpl:72 - Se a buscado los vehiculos con marca: Mazda y modelo: BT-50
2022-09-12 01:30:04 INFO  GestorClienteServiceImpl:72 - Se a buscado los vehiculos con marca: Mazda y modelo: BT-50
2022-09-12 01:31:41 INFO  GestorClienteServiceImpl:49 - El vehiculo si esta disponible
2022-09-12 01:31:41 INFO  GestorClienteServiceImpl:65 - Se a buscado al vehiculo con placa: CCC
2022-09-12 01:35:43 INFO  GestorClienteServiceImpl:72 - Se a buscado los vehiculos con marca: Mazda y modelo: BT-50
2022-09-12 01:36:16 INFO  GestorClienteServiceImpl:49 - El vehiculo si esta disponible
2022-09-12 01:36:16 INFO  GestorClienteServiceImpl:65 - Se a buscado al vehiculo con placa: CCC
2022-09-12 01:42:01 INFO  GestorClienteServiceImpl:72 - Se a buscado los vehiculos con marca: Mazda y modelo: BT-50
2022-09-12 01:42:27 INFO  GestorClienteServiceImpl:72 - Se a buscado los vehiculos con marca: Chevrolet y modelo: Corsa
2022-09-12 01:43:03 INFO  GestorClienteServiceImpl:49 - El vehiculo si esta disponible
2022-09-12 01:43:03 INFO  GestorClienteServiceImpl:65 - Se a buscado al vehiculo con placa: BBB
2022-09-12 01:47:09 INFO  GestorClienteServiceImpl:49 - El vehiculo si esta disponible
2022-09-12 01:47:09 INFO  GestorClienteServiceImpl:65 - Se a buscado al vehiculo con placa: BBB
2022-09-12 01:48:39 INFO  GestorClienteServiceImpl:72 - Se a buscado los vehiculos con marca: Chevrolet y modelo: Corsa
2022-09-12 01:50:02 INFO  GestorClienteServiceImpl:49 - El vehiculo si esta disponible
2022-09-12 01:50:02 INFO  GestorClienteServiceImpl:65 - Se a buscado al vehiculo con placa: BBB
2022-09-12 02:07:41 INFO  GestorClienteServiceImpl:72 - Se a buscado los vehiculos con marca: Chevrolet y modelo: Corsa
2022-09-12 02:10:31 INFO  GestorClienteServiceImpl:49 - El vehiculo si esta disponible
2022-09-12 02:10:31 INFO  GestorClienteServiceImpl:65 - Se a buscado al vehiculo con placa: BBB
2022-09-12 02:12:44 INFO  GestorClienteServiceImpl:72 - Se a buscado los vehiculos con marca: Chevrolet y modelo: Corsa
2022-09-12 02:13:17 INFO  GestorClienteServiceImpl:49 - El vehiculo si esta disponible
2022-09-12 02:13:17 INFO  GestorClienteServiceImpl:65 - Se a buscado al vehiculo con placa: BBB
2022-09-12 02:14:21 INFO  GestorClienteServiceImpl:59 - Se a actualizado al vehiculo con placa: BBB
2022-09-12 02:19:53 INFO  GestorClienteServiceImpl:72 - Se a buscado los vehiculos con marca: Chevrolet y modelo: Corsa
2022-09-12 02:20:02 INFO  GestorClienteServiceImpl:72 - Se a buscado los vehiculos con marca: Chevrolet y modelo: Corsa
2022-09-12 02:20:20 INFO  GestorClienteServiceImpl:72 - Se a buscado los vehiculos con marca: Mazda y modelo: BT-50
2022-09-12 02:20:45 INFO  GestorClienteServiceImpl:49 - El vehiculo si esta disponible
2022-09-12 02:20:45 INFO  GestorClienteServiceImpl:65 - Se a buscado al vehiculo con placa: CCC
2022-09-12 02:21:04 INFO  GestorClienteServiceImpl:44 - El vehiculo no esta disponible
2022-09-12 02:37:19 INFO  GestorClienteServiceImpl:72 - Se a buscado los vehiculos con marca: Mazda y modelo: BT-50
2022-09-12 02:37:40 INFO  GestorClienteServiceImpl:49 - El vehiculo si esta disponible
2022-09-12 02:37:40 INFO  GestorClienteServiceImpl:65 - Se a buscado al vehiculo con placa: CCC
2022-09-12 02:39:39 INFO  GestorClienteServiceImpl:72 - Se a buscado los vehiculos con marca: Mazda y modelo: BT-50
2022-09-12 02:40:02 INFO  GestorClienteServiceImpl:49 - El vehiculo si esta disponible
2022-09-12 02:40:02 INFO  GestorClienteServiceImpl:65 - Se a buscado al vehiculo con placa: CCC
2022-09-12 02:42:59 INFO  GestorClienteServiceImpl:72 - Se a buscado los vehiculos con marca: Mazda y modelo: BT-50
2022-09-12 02:43:27 INFO  GestorClienteServiceImpl:49 - El vehiculo si esta disponible
2022-09-12 02:43:27 INFO  GestorClienteServiceImpl:65 - Se a buscado al vehiculo con placa: CCC
2022-09-12 02:48:06 INFO  GestorClienteServiceImpl:72 - Se a buscado los vehiculos con marca: Mazda y modelo: BT-50
2022-09-12 02:48:42 INFO  GestorClienteServiceImpl:49 - El vehiculo si esta disponible
2022-09-12 02:48:42 INFO  GestorClienteServiceImpl:65 - Se a buscado al vehiculo con placa: CCC
2022-09-12 02:53:51 INFO  GestorClienteServiceImpl:72 - Se a buscado los vehiculos con marca: Mazda y modelo: BT-50
2022-09-12 02:54:16 INFO  GestorClienteServiceImpl:49 - El vehiculo si esta disponible
2022-09-12 02:54:16 INFO  GestorClienteServiceImpl:65 - Se a buscado al vehiculo con placa: CCC
2022-09-12 03:03:12 INFO  GestorClienteServiceImpl:72 - Se a buscado los vehiculos con marca: Mazda y modelo: BT-50
2022-09-12 03:04:00 INFO  GestorClienteServiceImpl:49 - El vehiculo si esta disponible
2022-09-12 03:04:00 INFO  GestorClienteServiceImpl:65 - Se a buscado al vehiculo con placa: CCC
2022-09-12 03:04:43 INFO  GestorClienteServiceImpl:44 - El vehiculo no esta disponible
2022-09-12 03:05:15 INFO  GestorClienteServiceImpl:49 - El vehiculo si esta disponible
2022-09-12 03:05:15 INFO  GestorClienteServiceImpl:65 - Se a buscado al vehiculo con placa: CCC
2022-09-12 03:09:01 INFO  GestorClienteServiceImpl:72 - Se a buscado los vehiculos con marca: Mazda y modelo: BT-50
2022-09-12 03:09:46 INFO  GestorClienteServiceImpl:49 - El vehiculo si esta disponible
2022-09-12 03:09:46 INFO  GestorClienteServiceImpl:65 - Se a buscado al vehiculo con placa: CCC
2022-09-12 03:13:48 INFO  GestorClienteServiceImpl:72 - Se a buscado los vehiculos con marca: Mazda y modelo: BT-50
2022-09-12 03:14:18 INFO  GestorClienteServiceImpl:49 - El vehiculo si esta disponible
2022-09-12 03:14:18 INFO  GestorClienteServiceImpl:65 - Se a buscado al vehiculo con placa: CCC
2022-09-12 03:15:59 INFO  GestorClienteServiceImpl:72 - Se a buscado los vehiculos con marca: Mazda y modelo: BT-50
2022-09-12 03:16:28 INFO  GestorClienteServiceImpl:49 - El vehiculo si esta disponible
2022-09-12 03:16:28 INFO  GestorClienteServiceImpl:65 - Se a buscado al vehiculo con placa: CCC
2022-09-12 03:25:19 INFO  GestorClienteServiceImpl:72 - Se a buscado los vehiculos con marca: Mazda y modelo: BT-50
2022-09-12 03:25:54 INFO  GestorClienteServiceImpl:49 - El vehiculo si esta disponible
2022-09-12 03:25:54 INFO  GestorClienteServiceImpl:65 - Se a buscado al vehiculo con placa: CCC
2022-09-12 03:29:13 INFO  GestorClienteServiceImpl:72 - Se a buscado los vehiculos con marca: Mazda y modelo: BT-50
2022-09-12 03:29:37 INFO  GestorClienteServiceImpl:49 - El vehiculo si esta disponible
2022-09-12 03:29:37 INFO  GestorClienteServiceImpl:65 - Se a buscado al vehiculo con placa: CCC
2022-09-12 03:31:13 INFO  GestorClienteServiceImpl:72 - Se a buscado los vehiculos con marca: Mazda y modelo: BT-50
2022-09-12 03:31:29 INFO  GestorClienteServiceImpl:49 - El vehiculo si esta disponible
2022-09-12 03:31:29 INFO  GestorClienteServiceImpl:65 - Se a buscado al vehiculo con placa: CCC
2022-09-12 03:41:53 INFO  GestorClienteServiceImpl:72 - Se a buscado los vehiculos con marca: Mazda y modelo: BT-50
2022-09-12 03:42:14 INFO  GestorClienteServiceImpl:49 - El vehiculo si esta disponible
2022-09-12 03:42:14 INFO  GestorClienteServiceImpl:65 - Se a buscado al vehiculo con placa: CCC
2022-09-12 03:42:58 INFO  GestorClienteServiceImpl:72 - Se a buscado los vehiculos con marca: Mazda y modelo: BT-50
2022-09-12 03:43:25 INFO  GestorClienteServiceImpl:49 - El vehiculo si esta disponible
2022-09-12 03:43:25 INFO  GestorClienteServiceImpl:65 - Se a buscado al vehiculo con placa: CCC
2022-09-12 03:44:09 INFO  GestorClienteServiceImpl:59 - Se a actualizado al vehiculo con placa: CCC
2022-09-12 09:08:47 INFO  GestorClienteServiceImpl:72 - Se a buscado los vehiculos con marca: Mazda y modelo: BT-50
2022-09-12 09:08:54 INFO  GestorClienteServiceImpl:72 - Se a buscado los vehiculos con marca: Mazda y modelo: BT-50
2022-09-12 09:10:35 INFO  GestorClienteServiceImpl:72 - Se a buscado los vehiculos con marca: Mazda y modelo: BT-50
2022-09-12 09:10:47 INFO  GestorClienteServiceImpl:72 - Se a buscado los vehiculos con marca: Chevrolet y modelo: Corsa
2022-09-12 09:11:45 INFO  GestorClienteServiceImpl:72 - Se a buscado los vehiculos con marca: Mazda y modelo: BT-50
2022-09-12 09:15:18 INFO  GestorClienteServiceImpl:72 - Se a buscado los vehiculos con marca: Chevrolet y modelo: Corsa
2022-09-12 09:15:33 INFO  GestorClienteServiceImpl:72 - Se a buscado los vehiculos con marca: Nissa y modelo: Versa
2022-09-12 09:16:22 INFO  GestorClienteServiceImpl:72 - Se a buscado los vehiculos con marca: Mazda y modelo: BT-50
2022-09-12 09:16:38 INFO  GestorClienteServiceImpl:72 - Se a buscado los vehiculos con marca: Nissa y modelo: Versa
2022-09-12 09:17:43 INFO  GestorClienteServiceImpl:49 - El vehiculo si esta disponible
2022-09-12 09:17:43 INFO  GestorClienteServiceImpl:65 - Se a buscado al vehiculo con placa: AAA
2022-09-12 09:25:15 INFO  GestorClienteServiceImpl:72 - Se a buscado los vehiculos con marca: Nissa y modelo: Versa
2022-09-12 09:27:28 INFO  GestorClienteServiceImpl:49 - El vehiculo si esta disponible
2022-09-12 09:27:28 INFO  GestorClienteServiceImpl:65 - Se a buscado al vehiculo con placa: AAA
2022-09-12 09:29:09 INFO  GestorClienteServiceImpl:59 - Se a actualizado al vehiculo con placa: AAA
2022-09-12 09:29:09 INFO  GestorClienteServiceImpl:112 - El vehiculo fue regresado
2022-09-12 09:29:18 INFO  GestorClienteServiceImpl:59 - Se a actualizado al vehiculo con placa: AAA
2022-09-12 09:29:23 INFO  GestorClienteServiceImpl:59 - Se a actualizado al vehiculo con placa: AAA
2022-09-12 09:29:23 INFO  GestorClienteServiceImpl:112 - El vehiculo fue regresado
2022-09-12 09:34:37 INFO  GestorClienteServiceImpl:72 - Se a buscado los vehiculos con marca: Nissa y modelo: Versa
2022-09-12 09:34:52 INFO  GestorClienteServiceImpl:72 - Se a buscado los vehiculos con marca: Chevrolet y modelo: Corsa
2022-09-12 13:56:43 INFO  GestorClienteServiceImpl:72 - Se a buscado los vehiculos con marca:  y modelo: 
2022-09-12 13:58:36 INFO  GestorClienteServiceImpl:72 - Se a buscado los vehiculos con marca: Mazda y modelo: M8A4
2022-09-12 14:06:52 INFO  GestorClienteServiceImpl:45 - Se a creado al cliente: 
2022-09-12 14:08:54 INFO  GestorClienteServiceImpl:89 - Se al cliente con cedula: 178145236
2022-09-12 14:09:05 INFO  GestorClienteServiceImpl:89 - Se al cliente con cedula: 178145236
2022-09-12 14:09:05 INFO  GestorClienteServiceImpl:75 - Se a actualizado al cliente: 178145236
2022-09-12 14:09:39 INFO  GestorClienteServiceImpl:82 - Se a buscado a los clientes con apellido: Rodrigues
2022-09-12 14:09:43 INFO  GestorClienteServiceImpl:89 - Se al cliente con cedula: 1485236893
2022-09-12 14:10:24 INFO  GestorClienteServiceImpl:50 - Se a buscado al vehiculo con id: 104
2022-09-12 14:13:36 INFO  GestorClienteServiceImpl:24 - Se realizao la consulta de reporte de las reservas
2022-09-12 14:14:23 INFO  GestorClienteServiceImpl:96 - Se a realizado el reporte de clientes VIP
2022-09-12 14:15:01 INFO  GestorClienteServiceImpl:103 - Se a buscado a los vehiculos con año y mes: 2020/12
2022-09-12 14:56:33 INFO  GestorClienteServiceImpl:82 - Se a buscado a los clientes con apellido: Rodrigues
2022-09-12 14:56:33 INFO  GestorClienteServiceImpl:96 - Se a realizado el reporte de clientes VIP
2022-09-12 14:56:54 INFO  GestorClienteServiceImpl:95 - Si se puede retirar el vehiculo
2022-09-12 14:56:54 INFO  GestorClienteServiceImpl:59 - Se a actualizado al vehiculo con placa: ABC-123
2022-09-12 14:56:54 INFO  GestorClienteServiceImpl:59 - Se a actualizado al vehiculo con placa: ABC-123
2022-09-12 14:56:54 INFO  GestorClienteServiceImpl:49 - El vehiculo si esta disponible
2022-09-12 14:56:54 INFO  GestorClienteServiceImpl:51 - Se encontro el vehiculo
2022-09-12 14:56:54 INFO  GestorClienteServiceImpl:65 - Se a buscado al vehiculo con placa: E48-ZP
2022-09-12 14:56:54 INFO  GestorClienteServiceImpl:53 - Se encontro el vehiculo
2022-09-12 14:56:54 INFO  GestorClienteServiceImpl:75 - Se inserto la reserva y el cobro
2022-09-12 14:57:10 INFO  GestorClienteServiceImpl:65 - Se a buscado al vehiculo con placa: E48-ZP
2022-09-12 14:57:10 INFO  GestorClienteServiceImpl:59 - Se a actualizado al vehiculo con placa: Subaru
2022-09-12 14:57:10 INFO  GestorClienteServiceImpl:72 - Se a buscado los vehiculos con marca: KIA y modelo: SPORTAGE
2022-09-12 14:57:10 INFO  GestorClienteServiceImpl:80 - Se a buscado a los vehiculos con marca: KIA
2022-09-12 14:57:10 INFO  GestorClienteServiceImpl:42 - NO se a eliminado al vehiculo: E48-ZP
2022-09-12 14:57:10 INFO  GestorClienteServiceImpl:29 - Se a creado al vehiculo: Subaru
2022-09-12 14:57:10 INFO  GestorClienteServiceImpl:50 - Se a buscado al vehiculo con id: 100
